<?xml version="1.0" encoding="UTF-8"?>
<!-- Generated by org.testng.reporters.JUnitXMLReporter -->
<testsuite ignored="3" hostname="DESKTOP-8GKBCM9" failures="0" tests="3" name="Smoke Testing" time="0.102" errors="0" timestamp="2025-07-19T07:43:31 IST">
  <testcase classname="Testng.day1withoutmainmethod" name="jeep" time="0.019"/>
  <testcase classname="Testng.day2" name="bus" time="0.002"/>
  <testcase classname="Testng.day3annotations" name="method4" time="0.002"/>
  <testcase classname="Testng.day1withoutmainmethod" name="method1day" time="0.0">
    <ignored/>
  </testcase> <!-- method1day -->
  <testcase classname="Testng.day3annotations" name="method3" time="0.0">
    <ignored/>
  </testcase> <!-- method3 -->
  <testcase classname="Testng.day2" name="bus1" time="0.0">
    <ignored/>
  </testcase> <!-- bus1 -->
</testsuite> <!-- Smoke Testing -->
