<?xml version="1.0" encoding="UTF-8"?>
<!-- Generated by org.testng.reporters.JUnitXMLReporter -->
<testsuite ignored="0" hostname="DESKTOP-8GKBCM9" failures="0" tests="6" name="Test1" time="0.225" errors="0" timestamp="2025-07-17T21:36:30 IST">
  <testcase classname="Testng.day1withoutmainmethod" name="jeep" time="0.011"/>
  <testcase classname="Testng.day1withoutmainmethod" name="method1day" time="0.001"/>
  <testcase classname="Testng.day2" name="bus" time="0.002"/>
  <testcase classname="Testng.day2" name="bus1" time="0.002"/>
  <testcase classname="Testng.day3annotations" name="method3" time="0.004"/>
  <testcase classname="Testng.day3annotations" name="method4" time="0.003"/>
</testsuite> <!-- Test1 -->
