<?xml version="1.0" encoding="UTF-8"?>
<!-- Generated by org.testng.reporters.JUnitXMLReporter -->
<testsuite ignored="3" hostname="DESKTOP-8GKBCM9" failures="0" tests="5" name="Test2" time="0.026" errors="0" timestamp="2025-07-17T21:36:30 IST">
  <testcase classname="Testng.day4helperattribute" name="bankbalance" time="0.002"/>
  <testcase classname="Testng.day4helperattribute" name="signup" time="0.004"/>
  <testcase classname="Testng.day4helperattribute" name="banana" time="0.001"/>
  <testcase classname="Testng.day4helperattribute" name="account" time="0.002"/>
  <testcase classname="Testng.day4helperattribute" name="logout" time="0.001"/>
  <testcase classname="Testng.day4helperattribute" name="history" time="0.0">
    <ignored/>
  </testcase> <!-- history -->
  <testcase classname="Testng.day4helperattribute" name="cat" time="0.0">
    <ignored/>
  </testcase> <!-- cat -->
  <testcase classname="Testng.day4helperattribute" name="cars" time="0.0">
    <ignored/>
  </testcase> <!-- cars -->
</testsuite> <!-- Test2 -->
